2025-03-11 22:08:45,706 WARNING: Could not set campaign_id: (sqlite3.OperationalError) no such column: campaign_id
[SQL: UPDATE email SET campaign_id = ? WHERE id = ?]
[parameters: (4, 31)]
(Background on this error at: https://sqlalche.me/e/14/e3q8) [in D:\W\email_automation\app\utils\scheduler_utils.py:354]
2025-03-11 22:08:45,710 WARNING: Could not set campaign_id: (sqlite3.OperationalError) no such column: campaign_id
[SQL: UPDATE email SET campaign_id = ? WHERE id = ?]
[parameters: (4, 32)]
(Background on this error at: https://sqlalche.me/e/14/e3q8) [in D:\W\email_automation\app\utils\scheduler_utils.py:354]
2025-03-11 22:08:45,719 ERROR: Error creating campaign: Instance <Campaign at 0x296bd12bb80> is not bound to a Session; attribute refresh operation cannot proceed (Background on this error at: https://sqlalche.me/e/14/bhk3) [in D:\W\email_automation\app\controllers\routes.py:702]
2025-03-11 22:16:00,139 INFO: Beakon Solutions system startup [in D:\W\email_automation\app.py:32]
2025-03-11 22:16:00,140 INFO: Starting Beakon Solutions Server... [in D:\W\email_automation\app.py:38]
2025-03-11 22:16:00,140 INFO: Initializing email processing scheduler... [in D:\W\email_automation\app.py:41]
2025-03-11 22:16:00,153 INFO: Processing 2 pending emails [in D:\W\email_automation\app\utils\scheduler_utils.py:142]
2025-03-11 22:16:00,160 INFO: Applied body personalization ({firstName}) to email 31 for varshith0805@gmail.com [in D:\W\email_automation\app\utils\scheduler_utils.py:210]
2025-03-11 22:16:00,177 INFO: Attempting to send email 31 to varshith0805@gmail.com from upgrade@beakonagency.com [in D:\W\email_automation\app\utils\email_utils.py:140]
2025-03-11 22:16:00,178 INFO: SMTP Settings: smtp.hostinger.com:465, Username: upgrade@beakonagency.com [in D:\W\email_automation\app\utils\email_utils.py:141]
2025-03-11 22:16:00,178 INFO: ==== REAL SENDING MODE ACTIVE ==== Email will be sent for real to varshith0805@gmail.com [in D:\W\email_automation\app\utils\email_utils.py:156]
2025-03-11 22:16:00,188 INFO: REAL SEND: Connecting to SMTP server: smtp.hostinger.com:465 [in D:\W\email_automation\app\utils\email_utils.py:190]
2025-03-11 22:16:00,706 INFO: Logging in with username: upgrade@beakonagency.com [in D:\W\email_automation\app\utils\email_utils.py:193]
2025-03-11 22:16:01,015 INFO: Sending email from upgrade@beakonagency.com to varshith0805@gmail.com [in D:\W\email_automation\app\utils\email_utils.py:196]
2025-03-11 22:16:02,218 INFO: Email sent successfully [in D:\W\email_automation\app\utils\email_utils.py:198]
2025-03-11 22:16:02,370 INFO: Email 31 sent successfully to varshith0805@gmail.com [in D:\W\email_automation\app\utils\email_utils.py:205]
2025-03-11 22:16:02,378 INFO: Email 31 sent successfully [in D:\W\email_automation\app\utils\scheduler_utils.py:108]
2025-03-11 22:16:04,387 INFO: Applied body personalization ({firstName}) to email 32 for ridhitkothari27@gmail.com [in D:\W\email_automation\app\utils\scheduler_utils.py:210]
2025-03-11 22:16:04,397 INFO: Attempting to send email 32 to ridhitkothari27@gmail.com from upgrade@beakonagency.com [in D:\W\email_automation\app\utils\email_utils.py:140]
2025-03-11 22:16:04,398 INFO: SMTP Settings: smtp.hostinger.com:465, Username: upgrade@beakonagency.com [in D:\W\email_automation\app\utils\email_utils.py:141]
2025-03-11 22:16:04,398 INFO: ==== REAL SENDING MODE ACTIVE ==== Email will be sent for real to ridhitkothari27@gmail.com [in D:\W\email_automation\app\utils\email_utils.py:156]
2025-03-11 22:16:04,404 INFO: REAL SEND: Connecting to SMTP server: smtp.hostinger.com:465 [in D:\W\email_automation\app\utils\email_utils.py:190]
2025-03-11 22:16:04,857 INFO: Logging in with username: upgrade@beakonagency.com [in D:\W\email_automation\app\utils\email_utils.py:193]
2025-03-11 22:16:05,160 INFO: Sending email from upgrade@beakonagency.com to ridhitkothari27@gmail.com [in D:\W\email_automation\app\utils\email_utils.py:196]
2025-03-11 22:16:06,702 INFO: Email sent successfully [in D:\W\email_automation\app\utils\email_utils.py:198]
2025-03-11 22:16:06,851 INFO: Email 32 sent successfully to ridhitkothari27@gmail.com [in D:\W\email_automation\app\utils\email_utils.py:205]
2025-03-11 22:16:06,859 INFO: Email 32 sent successfully [in D:\W\email_automation\app\utils\scheduler_utils.py:108]
2025-03-11 22:16:08,872 INFO: Processed 2 emails [in D:\W\email_automation\app\utils\scheduler_utils.py:181]
2025-03-11 22:17:08,304 ERROR: Error creating campaign: Instance <Campaign at 0x200e6d91ac0> is not bound to a Session; attribute refresh operation cannot proceed (Background on this error at: https://sqlalche.me/e/14/bhk3) [in D:\W\email_automation\app\controllers\routes.py:680]
2025-03-11 22:18:36,544 INFO: Beakon Solutions system startup [in D:\W\email_automation\app.py:32]
2025-03-11 22:18:36,545 INFO: Starting Beakon Solutions Server... [in D:\W\email_automation\app.py:38]
2025-03-11 22:18:36,545 INFO: Initializing email processing scheduler... [in D:\W\email_automation\app.py:41]
2025-03-11 22:18:36,553 INFO: Processing 1 pending emails [in D:\W\email_automation\app\utils\scheduler_utils.py:142]
2025-03-11 22:18:36,557 INFO: Applied body personalization ({firstName}) to email 33 for varshith0805@gmail.com [in D:\W\email_automation\app\utils\scheduler_utils.py:210]
2025-03-11 22:18:36,568 INFO: Attempting to send email 33 to varshith0805@gmail.com from michael@beakonagency.com [in D:\W\email_automation\app\utils\email_utils.py:140]
2025-03-11 22:18:36,568 INFO: SMTP Settings: smtp.hostinger.com:465, Username: michael@beakonagency.com [in D:\W\email_automation\app\utils\email_utils.py:141]
2025-03-11 22:18:36,568 INFO: ==== REAL SENDING MODE ACTIVE ==== Email will be sent for real to varshith0805@gmail.com [in D:\W\email_automation\app\utils\email_utils.py:156]
2025-03-11 22:18:36,573 INFO: REAL SEND: Connecting to SMTP server: smtp.hostinger.com:465 [in D:\W\email_automation\app\utils\email_utils.py:190]
2025-03-11 22:18:37,201 INFO: Logging in with username: michael@beakonagency.com [in D:\W\email_automation\app\utils\email_utils.py:193]
2025-03-11 22:18:37,505 INFO: Sending email from michael@beakonagency.com to varshith0805@gmail.com [in D:\W\email_automation\app\utils\email_utils.py:196]
2025-03-11 22:18:38,255 INFO: Email sent successfully [in D:\W\email_automation\app\utils\email_utils.py:198]
2025-03-11 22:18:38,402 INFO: Email 33 sent successfully to varshith0805@gmail.com [in D:\W\email_automation\app\utils\email_utils.py:205]
2025-03-11 22:18:38,410 INFO: Email 33 sent successfully [in D:\W\email_automation\app\utils\scheduler_utils.py:108]
2025-03-11 22:18:40,421 INFO: Processed 1 emails [in D:\W\email_automation\app\utils\scheduler_utils.py:181]
2025-03-11 22:18:55,219 INFO: Processing 1 pending emails [in D:\W\email_automation\app\utils\scheduler_utils.py:142]
2025-03-11 22:18:55,221 INFO: Applied body personalization ({firstName}) to email 35 for varshith0805@gmail.com [in D:\W\email_automation\app\utils\scheduler_utils.py:210]
2025-03-11 22:18:55,231 INFO: Attempting to send email 35 to varshith0805@gmail.com from sarah@beakonagency.com [in D:\W\email_automation\app\utils\email_utils.py:140]
2025-03-11 22:18:55,232 INFO: SMTP Settings: smtp.hostinger.com:465, Username: sarah@beakonagency.com [in D:\W\email_automation\app\utils\email_utils.py:141]
2025-03-11 22:18:55,232 INFO: ==== REAL SENDING MODE ACTIVE ==== Email will be sent for real to varshith0805@gmail.com [in D:\W\email_automation\app\utils\email_utils.py:156]
2025-03-11 22:18:55,237 INFO: REAL SEND: Connecting to SMTP server: smtp.hostinger.com:465 [in D:\W\email_automation\app\utils\email_utils.py:190]
2025-03-11 22:18:55,689 INFO: Logging in with username: sarah@beakonagency.com [in D:\W\email_automation\app\utils\email_utils.py:193]
2025-03-11 22:18:55,981 INFO: Sending email from sarah@beakonagency.com to varshith0805@gmail.com [in D:\W\email_automation\app\utils\email_utils.py:196]
2025-03-11 22:18:56,765 INFO: Email sent successfully [in D:\W\email_automation\app\utils\email_utils.py:198]
2025-03-11 22:18:56,912 INFO: Email 35 sent successfully to varshith0805@gmail.com [in D:\W\email_automation\app\utils\email_utils.py:205]
2025-03-11 22:18:56,921 INFO: Email 35 sent successfully [in D:\W\email_automation\app\utils\scheduler_utils.py:108]
2025-03-11 22:18:58,923 INFO: Processed 1 emails [in D:\W\email_automation\app\utils\scheduler_utils.py:181]
2025-03-11 22:19:29,967 ERROR: Error creating campaign: Instance <Campaign at 0x1da0f0858b0> is not bound to a Session; attribute refresh operation cannot proceed (Background on this error at: https://sqlalche.me/e/14/bhk3) [in D:\W\email_automation\app\controllers\routes.py:680]
