2025-03-11 21:10:38,247 INFO: Email Automation System startup [in D:\W\email_automation\app\__init__.py:62]
2025-03-11 21:10:38,263 ERROR: Error updating database schema: The argument passed to Dialect.has_table() should be a <class 'sqlalchemy.engine.base.Connection'>, got <class 'sqlalchemy.engine.base.Engine'>. Additionally, the Dialect.has_table() method is for internal dialect use only; please use ``inspect(some_engine).has_table(<tablename>>)`` for public API use. [in D:\W\email_automation\app\__init__.py:93]
2025-03-11 21:10:38,263 INFO: Refreshing SQLAlchemy metadata [in D:\W\email_automation\app\__init__.py:98]
2025-03-11 21:10:38,264 INFO: SQLAlchemy metadata refreshed [in D:\W\email_automation\app\__init__.py:100]
2025-03-11 21:10:38,265 INFO: Initializing SocketIO for real-time updates [in D:\W\email_automation\app\__init__.py:105]
2025-03-11 21:10:38,500 INFO: Email Automation System startup [in D:\W\email_automation\app.py:27]
2025-03-11 21:10:38,503 INFO: Database tables created/verified [in D:\W\email_automation\app.py:33]
2025-03-11 21:10:38,505 INFO: Starting Email Automation Server... [in D:\W\email_automation\app.py:39]
2025-03-11 21:10:38,506 INFO: Initializing email processing scheduler... [in D:\W\email_automation\app.py:42]
2025-03-11 21:10:38,506 ERROR: Error processing email queue: type object 'datetime.datetime' has no attribute 'datetime' [in D:\W\email_automation\app\utils\scheduler_utils.py:213]
2025-03-11 21:12:10,737 INFO: Email Automation System startup [in D:\W\email_automation\app\__init__.py:62]
2025-03-11 21:12:10,753 ERROR: Error updating database schema: The argument passed to Dialect.has_table() should be a <class 'sqlalchemy.engine.base.Connection'>, got <class 'sqlalchemy.engine.base.Engine'>. Additionally, the Dialect.has_table() method is for internal dialect use only; please use ``inspect(some_engine).has_table(<tablename>>)`` for public API use. [in D:\W\email_automation\app\__init__.py:93]
2025-03-11 21:12:10,753 INFO: Refreshing SQLAlchemy metadata [in D:\W\email_automation\app\__init__.py:98]
2025-03-11 21:12:10,754 INFO: SQLAlchemy metadata refreshed [in D:\W\email_automation\app\__init__.py:100]
2025-03-11 21:12:10,754 INFO: Initializing SocketIO for real-time updates [in D:\W\email_automation\app\__init__.py:105]
2025-03-11 21:12:10,971 INFO: Email Automation System startup [in D:\W\email_automation\app.py:27]
2025-03-11 21:12:10,973 INFO: Database tables created/verified [in D:\W\email_automation\app.py:33]
2025-03-11 21:12:10,974 INFO: Starting Email Automation Server... [in D:\W\email_automation\app.py:39]
2025-03-11 21:12:10,974 INFO: Initializing email processing scheduler... [in D:\W\email_automation\app.py:42]
2025-03-11 21:12:10,974 ERROR: Error processing email queue: type object 'datetime.datetime' has no attribute 'datetime' [in D:\W\email_automation\app\utils\scheduler_utils.py:213]
2025-03-11 21:16:44,257 INFO: Email Automation System startup [in D:\W\email_automation\app\__init__.py:62]
2025-03-11 21:16:44,275 ERROR: Error updating database schema: The argument passed to Dialect.has_table() should be a <class 'sqlalchemy.engine.base.Connection'>, got <class 'sqlalchemy.engine.base.Engine'>. Additionally, the Dialect.has_table() method is for internal dialect use only; please use ``inspect(some_engine).has_table(<tablename>>)`` for public API use. [in D:\W\email_automation\app\__init__.py:93]
2025-03-11 21:16:44,275 INFO: Refreshing SQLAlchemy metadata [in D:\W\email_automation\app\__init__.py:98]
2025-03-11 21:16:44,276 INFO: SQLAlchemy metadata refreshed [in D:\W\email_automation\app\__init__.py:100]
2025-03-11 21:16:44,277 INFO: Initializing SocketIO for real-time updates [in D:\W\email_automation\app\__init__.py:105]
2025-03-11 21:16:44,517 INFO: Email Automation System startup [in D:\W\email_automation\app.py:27]
2025-03-11 21:16:44,519 INFO: Database tables created/verified [in D:\W\email_automation\app.py:33]
2025-03-11 21:16:44,520 INFO: Starting Email Automation Server... [in D:\W\email_automation\app.py:39]
2025-03-11 21:16:44,521 INFO: Initializing email processing scheduler... [in D:\W\email_automation\app.py:42]
2025-03-11 21:16:44,521 ERROR: Error processing email queue: type object 'datetime.datetime' has no attribute 'datetime' [in D:\W\email_automation\app\utils\scheduler_utils.py:213]
2025-03-11 21:17:05,610 INFO: Email Automation System startup [in D:\W\email_automation\app\__init__.py:62]
2025-03-11 21:17:05,625 ERROR: Error updating database schema: The argument passed to Dialect.has_table() should be a <class 'sqlalchemy.engine.base.Connection'>, got <class 'sqlalchemy.engine.base.Engine'>. Additionally, the Dialect.has_table() method is for internal dialect use only; please use ``inspect(some_engine).has_table(<tablename>>)`` for public API use. [in D:\W\email_automation\app\__init__.py:93]
2025-03-11 21:17:05,626 INFO: Refreshing SQLAlchemy metadata [in D:\W\email_automation\app\__init__.py:98]
2025-03-11 21:17:05,627 INFO: SQLAlchemy metadata refreshed [in D:\W\email_automation\app\__init__.py:100]
2025-03-11 21:17:05,627 INFO: Initializing SocketIO for real-time updates [in D:\W\email_automation\app\__init__.py:105]
2025-03-11 21:17:05,833 INFO: Email Automation System startup [in D:\W\email_automation\app.py:27]
2025-03-11 21:17:05,835 INFO: Database tables created/verified [in D:\W\email_automation\app.py:33]
2025-03-11 21:17:05,835 INFO: Starting Email Automation Server... [in D:\W\email_automation\app.py:39]
2025-03-11 21:17:05,835 INFO: Initializing email processing scheduler... [in D:\W\email_automation\app.py:42]
2025-03-11 21:17:05,836 ERROR: Error processing email queue: type object 'datetime.datetime' has no attribute 'datetime' [in D:\W\email_automation\app\utils\scheduler_utils.py:213]
2025-03-11 21:25:59,760 INFO: Beakon Solutions system startup [in D:\W\email_automation\app\__init__.py:62]
2025-03-11 21:25:59,777 ERROR: Error updating database schema: The argument passed to Dialect.has_table() should be a <class 'sqlalchemy.engine.base.Connection'>, got <class 'sqlalchemy.engine.base.Engine'>. Additionally, the Dialect.has_table() method is for internal dialect use only; please use ``inspect(some_engine).has_table(<tablename>>)`` for public API use. [in D:\W\email_automation\app\__init__.py:93]
2025-03-11 21:25:59,777 INFO: Refreshing SQLAlchemy metadata [in D:\W\email_automation\app\__init__.py:98]
2025-03-11 21:25:59,778 INFO: SQLAlchemy metadata refreshed [in D:\W\email_automation\app\__init__.py:100]
2025-03-11 21:25:59,778 INFO: Initializing SocketIO for real-time updates [in D:\W\email_automation\app\__init__.py:105]
2025-03-11 21:26:00,085 INFO: Beakon Solutions system startup [in D:\W\email_automation\app.py:32]
2025-03-11 21:26:00,086 INFO: Starting Beakon Solutions Server... [in D:\W\email_automation\app.py:38]
2025-03-11 21:26:00,086 INFO: Initializing email processing scheduler... [in D:\W\email_automation\app.py:41]
2025-03-11 21:26:00,087 ERROR: Error processing email queue: type object 'datetime.datetime' has no attribute 'datetime' [in D:\W\email_automation\app\utils\scheduler_utils.py:213]
